<?xml version="1.0" encoding="UTF-8"?>
<!-- Generated by org.testng.reporters.JUnitReportReporter -->
<testsuite skipped="0" hostname="LAPTOP-A2JN8V8G" name="com.Testcases.TC_45" tests="1" failures="0" timestamp="25 Aug 2021 17:40:47 GMT" time="18.158" errors="0">
  <testcase name="SearchinQuotes" time="18.158" classname="com.Testcases.TC_45"/>
</testsuite> <!-- com.Testcases.TC_45 -->
