<?xml version="1.0" encoding="UTF-8"?>
<!-- Generated by org.testng.reporters.JUnitReportReporter -->
<testsuite skipped="0" hostname="LAPTOP-A2JN8V8G" name="commonprograms.MMTbydataprovider" tests="3" failures="0" timestamp="22 Aug 2021 18:17:24 GMT" time="25.231" errors="0">
  <testcase name="chooseCities" time="10.817" classname="commonprograms.MMTbydataprovider"/>
  <testcase name="chooseCities" time="7.616" classname="commonprograms.MMTbydataprovider"/>
  <testcase name="chooseCities" time="6.798" classname="commonprograms.MMTbydataprovider"/>
</testsuite> <!-- commonprograms.MMTbydataprovider -->
