<?xml version="1.0" encoding="UTF-8"?>
<!-- Generated by org.testng.reporters.JUnitReportReporter -->
<testsuite skipped="0" hostname="LAPTOP-A2JN8V8G" name="com.Testcases.TC_43" tests="1" failures="0" timestamp="25 Aug 2021 17:13:01 GMT" time="12.993" errors="0">
  <testcase name="SearchInSubject" time="12.993" classname="com.Testcases.TC_43"/>
</testsuite> <!-- com.Testcases.TC_43 -->
