<?xml version="1.0" encoding="UTF-8"?>
<!-- Generated by org.testng.reporters.JUnitReportReporter -->
<testsuite skipped="0" hostname="LAPTOP-A2JN8V8G" name="com.Testcases.TC_42" tests="1" failures="0" timestamp="25 Aug 2021 17:12:35 GMT" time="13.649" errors="0">
  <testcase name="SearchinSalesOrderNo" time="13.649" classname="com.Testcases.TC_42"/>
</testsuite> <!-- com.Testcases.TC_42 -->
