<?xml version="1.0" encoding="UTF-8"?>
<!-- Generated by org.testng.reporters.JUnitReportReporter -->
<testsuite skipped="0" hostname="LAPTOP-A2JN8V8G" name="com.Testcases.TC_42" tests="1" failures="0" timestamp="19 Aug 2021 09:22:49 GMT" time="17.515" errors="0">
  <testcase name="SearchinSalesOrderNo" time="17.515" classname="com.Testcases.TC_42"/>
</testsuite> <!-- com.Testcases.TC_42 -->
