<?xml version="1.0" encoding="UTF-8"?>
<!-- Generated by org.testng.reporters.JUnitReportReporter -->
<testsuite skipped="0" hostname="LAPTOP-A2JN8V8G" name="com.Testcases.TC_42" tests="1" failures="0" timestamp="23 Aug 2021 11:02:43 GMT" time="14.079" errors="0">
  <testcase name="SearchinSalesOrderNo" time="14.079" classname="com.Testcases.TC_42"/>
</testsuite> <!-- com.Testcases.TC_42 -->
