<?xml version="1.0" encoding="UTF-8"?>
<!-- Generated by org.testng.reporters.JUnitReportReporter -->
<testsuite skipped="0" hostname="LAPTOP-A2JN8V8G" name="commonprograms.Dataproviderexample" tests="3" failures="0" timestamp="13 Aug 2021 06:51:46 GMT" time="0.010" errors="0">
  <testcase name="data" time="0.008" classname="commonprograms.Dataproviderexample"/>
  <testcase name="data" time="0.002" classname="commonprograms.Dataproviderexample"/>
  <testcase name="data" time="0.000" classname="commonprograms.Dataproviderexample"/>
</testsuite> <!-- commonprograms.Dataproviderexample -->
